Using pre-set license
Built from '2021.1/release' branch; Version is '2021.1.0f1 (61a549675243) revision 6399305'; Using compiler version '192528614'; Build Type 'Release'
OS: 'Windows 10 Enterprise; OS build 18363.2158; Version 1909; 64bit' Language: 'en' Physical Memory: 16264 MB
BatchMode: 1, IsHumanControllingUs: 0, StartBugReporterOnCrash: 0, Is64bit: 1, IsPro: 0

 COMMAND LINE ARGUMENTS:
F:\Unity Editors\2021.1.0f1\Editor\Unity.exe
-adb2
-batchMode
-noUpm
-name
AssetImportWorker1
-projectPath
E:/Unity Projects/Thesis Project/Thesis Project
-logFile
Logs/AssetImportWorker1.log
-srvPort
56672
Successfully changed project path to: E:/Unity Projects/Thesis Project/Thesis Project
E:/Unity Projects/Thesis Project/Thesis Project
Using Asset Import Pipeline V2.
Refreshing native plugins compatible for Editor in 198.32 ms, found 2 plugins.
Preloading 0 native plugins for Editor in 0.00 ms.
Initialize engine version: 2021.1.0f1 (61a549675243)
[Subsystems] Discovering subsystems at path F:/Unity Editors/2021.1.0f1/Editor/Data/Resources/UnitySubsystems
[Subsystems] Discovering subsystems at path E:/Unity Projects/Thesis Project/Thesis Project/Assets
GfxDevice: creating device client; threaded=0; jobified=0
Direct3D:
    Version:  Direct3D 11.0 [level 11.1]
    Renderer: NVIDIA GeForce GTX 1650 (ID=0x1f91)
    Vendor:   NVIDIA
    VRAM:     3962 MB
    Driver:   27.21.14.5749
Shader 'Custom/RainShader': fallback shader 'Particles/Alpha Blended' not found
Initialize mono
Mono path[0] = 'F:/Unity Editors/2021.1.0f1/Editor/Data/Managed'
Mono path[1] = 'F:/Unity Editors/2021.1.0f1/Editor/Data/MonoBleedingEdge/lib/mono/unityjit'
Mono config path = 'F:/Unity Editors/2021.1.0f1/Editor/Data/MonoBleedingEdge/etc'
Using monoOptions --debugger-agent=transport=dt_socket,embedding=1,server=y,suspend=n,address=127.0.0.1:56904
Begin MonoManager ReloadAssembly
Registering precompiled unity dll's ...
Register platform support module: F:/Unity Editors/2021.1.0f1/Editor/Data/PlaybackEngines/WebGLSupport/UnityEditor.WebGL.Extensions.dll
Register platform support module: F:/Unity Editors/2021.1.0f1/Editor/Data/PlaybackEngines/WindowsStandaloneSupport/UnityEditor.WindowsStandalone.Extensions.dll
Registered in 0.001876 seconds.
Native extension for WindowsStandalone target not found
Native extension for WebGL target not found
Refreshing native plugins compatible for Editor in 214.15 ms, found 2 plugins.
Preloading 0 native plugins for Editor in 0.00 ms.
Mono: successfully reloaded assembly
- Completed reload, in  4.233 seconds
Platform modules already initialized, skipping
Registering precompiled user dll's ...
Registered in 0.004895 seconds.
Begin MonoManager ReloadAssembly
Native extension for WindowsStandalone target not found
Native extension for WebGL target not found
Refreshing native plugins compatible for Editor in 333.71 ms, found 2 plugins.
Preloading 0 native plugins for Editor in 0.00 ms.
Mono: successfully reloaded assembly
- Completed reload, in  2.501 seconds
Platform modules already initialized, skipping
========================================================================
Worker process is ready to serve import requests
Shader 'Custom/RainShader': fallback shader 'Particles/Alpha Blended' not found
Launched and connected shader compiler UnityShaderCompiler.exe after 0.14 seconds
Refreshing native plugins compatible for Editor in 1.42 ms, found 2 plugins.
Preloading 0 native plugins for Editor in 0.00 ms.
Unloading 4154 Unused Serialized files (Serialized files now loaded: 0)
System memory in use before: 172.5 MB.
System memory in use after: 172.6 MB.

Unloading 30 unused Assets to reduce memory usage. Loaded Objects now: 4627.
Total: 17.008600 ms (FindLiveObjects: 1.504800 ms CreateObjectMapping: 0.821000 ms MarkObjects: 11.811500 ms  DeleteObjects: 2.843400 ms)

========================================================================
Received Import Request.
  path: Assets/Art/Umbrella/Umbrella 0.png
  artifactKey: Guid(f5b113be60a6e3843abf793e401c83e3) Importer(815301076,1909f56bfc062723c751e8b465ee728b)
Start importing Assets/Art/Umbrella/Umbrella 0.png using Guid(f5b113be60a6e3843abf793e401c83e3) Importer(815301076,1909f56bfc062723c751e8b465ee728b)  -> (artifact id: '3dba92e347c301211163523e039ac8ee') in 0.465003 seconds 
========================================================================
Received Import Request.
  Time since last request: 0.000454 seconds.
  path: Assets/Art/Umbrella/Umbrella 5.png
  artifactKey: Guid(521ff7ed056a6b645849c39d8fb0900c) Importer(815301076,1909f56bfc062723c751e8b465ee728b)
Start importing Assets/Art/Umbrella/Umbrella 5.png using Guid(521ff7ed056a6b645849c39d8fb0900c) Importer(815301076,1909f56bfc062723c751e8b465ee728b)  -> (artifact id: '0aa3b4f2b43dd28fbfa07fb030e5b2cb') in 0.015999 seconds 
========================================================================
Received Import Request.
  Time since last request: 0.000434 seconds.
  path: Assets/Art/Umbrella/Umbrella 3.png
  artifactKey: Guid(a1e45f0f237a8974cb46f49604eae17c) Importer(815301076,1909f56bfc062723c751e8b465ee728b)
Start importing Assets/Art/Umbrella/Umbrella 3.png using Guid(a1e45f0f237a8974cb46f49604eae17c) Importer(815301076,1909f56bfc062723c751e8b465ee728b)  -> (artifact id: 'f5a4441cd8ff46ed4167956b953a0bdb') in 0.019712 seconds 
========================================================================
Received Import Request.
  Time since last request: 0.000360 seconds.
  path: Assets/Art/Umbrella/Umbrella 2.png
  artifactKey: Guid(d8ed71e51f031a84f8b945b1b1ab90fb) Importer(815301076,1909f56bfc062723c751e8b465ee728b)
Start importing Assets/Art/Umbrella/Umbrella 2.png using Guid(d8ed71e51f031a84f8b945b1b1ab90fb) Importer(815301076,1909f56bfc062723c751e8b465ee728b)  -> (artifact id: 'd6d569f616a8670713a78d2f6df8327b') in 0.020524 seconds 
========================================================================
Received Import Request.
  Time since last request: 0.000422 seconds.
  path: Assets/Art/Umbrella/Umbrella 1.png
  artifactKey: Guid(61f01817bf0518a4aa8e86a7ab206513) Importer(815301076,1909f56bfc062723c751e8b465ee728b)
Start importing Assets/Art/Umbrella/Umbrella 1.png using Guid(61f01817bf0518a4aa8e86a7ab206513) Importer(815301076,1909f56bfc062723c751e8b465ee728b)  -> (artifact id: '69be9b3fd3eae9c6a9add6954e98b677') in 0.024638 seconds 
========================================================================
Received Import Request.
  Time since last request: 0.000467 seconds.
  path: Assets/Art/Umbrella/Umbrella 4.png
  artifactKey: Guid(5dda3f5226301c249abf4f2f76241d30) Importer(815301076,1909f56bfc062723c751e8b465ee728b)
Start importing Assets/Art/Umbrella/Umbrella 4.png using Guid(5dda3f5226301c249abf4f2f76241d30) Importer(815301076,1909f56bfc062723c751e8b465ee728b)  -> (artifact id: '15777fbca4b54ac1d16be61901c8f906') in 0.020496 seconds 
========================================================================
Received Prepare
Registering precompiled user dll's ...
Registered in 0.004504 seconds.
Begin MonoManager ReloadAssembly
Native extension for WindowsStandalone target not found
Native extension for WebGL target not found
Refreshing native plugins compatible for Editor in 1.14 ms, found 2 plugins.
Preloading 0 native plugins for Editor in 0.00 ms.
Mono: successfully reloaded assembly
- Completed reload, in  1.968 seconds
Platform modules already initialized, skipping
Shader 'Custom/RainShader': fallback shader 'Particles/Alpha Blended' not found
Refreshing native plugins compatible for Editor in 1.37 ms, found 2 plugins.
Preloading 0 native plugins for Editor in 0.00 ms.
Unloading 4067 Unused Serialized files (Serialized files now loaded: 0)
System memory in use before: 178.7 MB.
System memory in use after: 178.9 MB.

Unloading 16 unused Assets to reduce memory usage. Loaded Objects now: 4738.
Total: 5.430100 ms (FindLiveObjects: 0.758500 ms CreateObjectMapping: 0.404600 ms MarkObjects: 4.135800 ms  DeleteObjects: 0.129200 ms)

========================================================================
Received Prepare
Registering precompiled user dll's ...
Registered in 0.004488 seconds.
Begin MonoManager ReloadAssembly
Native extension for WindowsStandalone target not found
Native extension for WebGL target not found
Refreshing native plugins compatible for Editor in 1.89 ms, found 2 plugins.
Preloading 0 native plugins for Editor in 0.00 ms.
Mono: successfully reloaded assembly
- Completed reload, in  1.912 seconds
Platform modules already initialized, skipping
Shader 'Custom/RainShader': fallback shader 'Particles/Alpha Blended' not found
Refreshing native plugins compatible for Editor in 1.51 ms, found 2 plugins.
Preloading 0 native plugins for Editor in 0.00 ms.
Unloading 4060 Unused Serialized files (Serialized files now loaded: 0)
System memory in use before: 178.5 MB.
System memory in use after: 178.7 MB.

Unloading 16 unused Assets to reduce memory usage. Loaded Objects now: 4742.
Total: 4.787300 ms (FindLiveObjects: 0.559600 ms CreateObjectMapping: 0.389200 ms MarkObjects: 3.720900 ms  DeleteObjects: 0.116000 ms)

========================================================================
Received Prepare
Registering precompiled user dll's ...
Registered in 0.004906 seconds.
Begin MonoManager ReloadAssembly
Native extension for WindowsStandalone target not found
Native extension for WebGL target not found
Refreshing native plugins compatible for Editor in 1.19 ms, found 2 plugins.
Preloading 0 native plugins for Editor in 0.00 ms.
Mono: successfully reloaded assembly
- Completed reload, in  1.879 seconds
Platform modules already initialized, skipping
Shader 'Custom/RainShader': fallback shader 'Particles/Alpha Blended' not found
Refreshing native plugins compatible for Editor in 1.09 ms, found 2 plugins.
Preloading 0 native plugins for Editor in 0.00 ms.
Unloading 4060 Unused Serialized files (Serialized files now loaded: 0)
System memory in use before: 178.5 MB.
System memory in use after: 178.7 MB.

Unloading 16 unused Assets to reduce memory usage. Loaded Objects now: 4746.
Total: 4.659200 ms (FindLiveObjects: 0.447500 ms CreateObjectMapping: 0.387500 ms MarkObjects: 3.716200 ms  DeleteObjects: 0.106800 ms)

========================================================================
Received Prepare
Registering precompiled user dll's ...
Registered in 0.004628 seconds.
Begin MonoManager ReloadAssembly
Native extension for WindowsStandalone target not found
Native extension for WebGL target not found
Refreshing native plugins compatible for Editor in 1.95 ms, found 2 plugins.
Preloading 0 native plugins for Editor in 0.00 ms.
Mono: successfully reloaded assembly
- Completed reload, in  2.802 seconds
Platform modules already initialized, skipping
Shader 'Custom/RainShader': fallback shader 'Particles/Alpha Blended' not found
Refreshing native plugins compatible for Editor in 1.78 ms, found 2 plugins.
Preloading 0 native plugins for Editor in 0.00 ms.
Unloading 4060 Unused Serialized files (Serialized files now loaded: 0)
System memory in use before: 178.6 MB.
System memory in use after: 178.7 MB.

Unloading 16 unused Assets to reduce memory usage. Loaded Objects now: 4750.
Total: 6.775200 ms (FindLiveObjects: 0.665700 ms CreateObjectMapping: 0.388100 ms MarkObjects: 5.493200 ms  DeleteObjects: 0.225900 ms)

========================================================================
Received Prepare
Registering precompiled user dll's ...
Registered in 0.004529 seconds.
Begin MonoManager ReloadAssembly
Native extension for WindowsStandalone target not found
Native extension for WebGL target not found
Refreshing native plugins compatible for Editor in 3.50 ms, found 2 plugins.
Preloading 0 native plugins for Editor in 0.00 ms.
Mono: successfully reloaded assembly
- Completed reload, in  2.275 seconds
Platform modules already initialized, skipping
Shader 'Custom/RainShader': fallback shader 'Particles/Alpha Blended' not found
Refreshing native plugins compatible for Editor in 2.03 ms, found 2 plugins.
Preloading 0 native plugins for Editor in 0.00 ms.
Unloading 4060 Unused Serialized files (Serialized files now loaded: 0)
System memory in use before: 178.6 MB.
System memory in use after: 178.8 MB.

Unloading 16 unused Assets to reduce memory usage. Loaded Objects now: 4754.
Total: 4.718000 ms (FindLiveObjects: 0.552200 ms CreateObjectMapping: 0.346600 ms MarkObjects: 3.709700 ms  DeleteObjects: 0.107800 ms)

========================================================================
Received Prepare
Registering precompiled user dll's ...
Registered in 0.004536 seconds.
Begin MonoManager ReloadAssembly
Native extension for WindowsStandalone target not found
Native extension for WebGL target not found
Refreshing native plugins compatible for Editor in 1.18 ms, found 2 plugins.
Preloading 0 native plugins for Editor in 0.00 ms.
Mono: successfully reloaded assembly
- Completed reload, in  1.817 seconds
Platform modules already initialized, skipping
Shader 'Custom/RainShader': fallback shader 'Particles/Alpha Blended' not found
Refreshing native plugins compatible for Editor in 1.17 ms, found 2 plugins.
Preloading 0 native plugins for Editor in 0.00 ms.
Unloading 4060 Unused Serialized files (Serialized files now loaded: 0)
System memory in use before: 178.6 MB.
System memory in use after: 178.8 MB.

Unloading 16 unused Assets to reduce memory usage. Loaded Objects now: 4758.
Total: 5.007300 ms (FindLiveObjects: 0.438200 ms CreateObjectMapping: 0.327100 ms MarkObjects: 4.089800 ms  DeleteObjects: 0.150700 ms)

========================================================================
Received Prepare
Registering precompiled user dll's ...
Registered in 0.005902 seconds.
Begin MonoManager ReloadAssembly
Native extension for WindowsStandalone target not found
Native extension for WebGL target not found
Refreshing native plugins compatible for Editor in 1.25 ms, found 2 plugins.
Preloading 0 native plugins for Editor in 0.00 ms.
Mono: successfully reloaded assembly
- Completed reload, in  2.192 seconds
Platform modules already initialized, skipping
Shader 'Custom/RainShader': fallback shader 'Particles/Alpha Blended' not found
Refreshing native plugins compatible for Editor in 1.33 ms, found 2 plugins.
Preloading 0 native plugins for Editor in 0.00 ms.
Unloading 4060 Unused Serialized files (Serialized files now loaded: 0)
System memory in use before: 178.6 MB.
System memory in use after: 178.8 MB.

Unloading 16 unused Assets to reduce memory usage. Loaded Objects now: 4762.
Total: 4.688000 ms (FindLiveObjects: 0.520000 ms CreateObjectMapping: 0.339800 ms MarkObjects: 3.711700 ms  DeleteObjects: 0.114900 ms)

========================================================================
Received Prepare
Registering precompiled user dll's ...
Registered in 0.004568 seconds.
Begin MonoManager ReloadAssembly
Native extension for WindowsStandalone target not found
Native extension for WebGL target not found
Refreshing native plugins compatible for Editor in 1.44 ms, found 2 plugins.
Preloading 0 native plugins for Editor in 0.00 ms.
Mono: successfully reloaded assembly
- Completed reload, in  2.565 seconds
Platform modules already initialized, skipping
Shader 'Custom/RainShader': fallback shader 'Particles/Alpha Blended' not found
Refreshing native plugins compatible for Editor in 1.53 ms, found 2 plugins.
Preloading 0 native plugins for Editor in 0.00 ms.
Unloading 4060 Unused Serialized files (Serialized files now loaded: 0)
System memory in use before: 178.6 MB.
System memory in use after: 178.8 MB.

Unloading 16 unused Assets to reduce memory usage. Loaded Objects now: 4766.
Total: 4.664400 ms (FindLiveObjects: 0.471800 ms CreateObjectMapping: 0.326900 ms MarkObjects: 3.748100 ms  DeleteObjects: 0.115700 ms)

========================================================================
Received Prepare
Registering precompiled user dll's ...
Registered in 0.004757 seconds.
Begin MonoManager ReloadAssembly
Native extension for WindowsStandalone target not found
Native extension for WebGL target not found
Refreshing native plugins compatible for Editor in 1.13 ms, found 2 plugins.
Preloading 0 native plugins for Editor in 0.00 ms.
Mono: successfully reloaded assembly
- Completed reload, in  1.898 seconds
Platform modules already initialized, skipping
Shader 'Custom/RainShader': fallback shader 'Particles/Alpha Blended' not found
Refreshing native plugins compatible for Editor in 2.25 ms, found 2 plugins.
Preloading 0 native plugins for Editor in 0.00 ms.
Unloading 4060 Unused Serialized files (Serialized files now loaded: 0)
System memory in use before: 178.6 MB.
System memory in use after: 178.8 MB.

Unloading 16 unused Assets to reduce memory usage. Loaded Objects now: 4770.
Total: 5.114600 ms (FindLiveObjects: 0.428600 ms CreateObjectMapping: 0.339900 ms MarkObjects: 4.223900 ms  DeleteObjects: 0.120200 ms)

========================================================================
Received Prepare
Registering precompiled user dll's ...
Registered in 0.004542 seconds.
Begin MonoManager ReloadAssembly
Native extension for WindowsStandalone target not found
Native extension for WebGL target not found
Refreshing native plugins compatible for Editor in 1.49 ms, found 2 plugins.
Preloading 0 native plugins for Editor in 0.00 ms.
Mono: successfully reloaded assembly
- Completed reload, in  1.899 seconds
Platform modules already initialized, skipping
Shader 'Custom/RainShader': fallback shader 'Particles/Alpha Blended' not found
Refreshing native plugins compatible for Editor in 1.20 ms, found 2 plugins.
Preloading 0 native plugins for Editor in 0.00 ms.
Unloading 4060 Unused Serialized files (Serialized files now loaded: 0)
System memory in use before: 178.7 MB.
System memory in use after: 178.9 MB.

Unloading 16 unused Assets to reduce memory usage. Loaded Objects now: 4774.
Total: 5.693000 ms (FindLiveObjects: 0.681400 ms CreateObjectMapping: 0.445900 ms MarkObjects: 4.450500 ms  DeleteObjects: 0.113300 ms)

========================================================================
Received Prepare
Registering precompiled user dll's ...
Registered in 0.087779 seconds.
Begin MonoManager ReloadAssembly
Native extension for WindowsStandalone target not found
Native extension for WebGL target not found
Refreshing native plugins compatible for Editor in 1.16 ms, found 2 plugins.
Preloading 0 native plugins for Editor in 0.00 ms.
Mono: successfully reloaded assembly
- Completed reload, in  2.000 seconds
Platform modules already initialized, skipping
Shader 'Custom/RainShader': fallback shader 'Particles/Alpha Blended' not found
Refreshing native plugins compatible for Editor in 1.22 ms, found 2 plugins.
Preloading 0 native plugins for Editor in 0.00 ms.
Unloading 4060 Unused Serialized files (Serialized files now loaded: 0)
System memory in use before: 178.7 MB.
System memory in use after: 178.9 MB.

Unloading 16 unused Assets to reduce memory usage. Loaded Objects now: 4778.
Total: 5.140400 ms (FindLiveObjects: 0.699600 ms CreateObjectMapping: 0.390800 ms MarkObjects: 3.896600 ms  DeleteObjects: 0.151500 ms)

========================================================================
Received Prepare
Registering precompiled user dll's ...
Registered in 0.004498 seconds.
Begin MonoManager ReloadAssembly
Native extension for WindowsStandalone target not found
Native extension for WebGL target not found
Refreshing native plugins compatible for Editor in 1.72 ms, found 2 plugins.
Preloading 0 native plugins for Editor in 0.00 ms.
Mono: successfully reloaded assembly
- Completed reload, in  1.890 seconds
Platform modules already initialized, skipping
Shader 'Custom/RainShader': fallback shader 'Particles/Alpha Blended' not found
Refreshing native plugins compatible for Editor in 1.97 ms, found 2 plugins.
Preloading 0 native plugins for Editor in 0.00 ms.
Unloading 4060 Unused Serialized files (Serialized files now loaded: 0)
System memory in use before: 178.7 MB.
System memory in use after: 178.9 MB.

Unloading 16 unused Assets to reduce memory usage. Loaded Objects now: 4782.
Total: 4.638600 ms (FindLiveObjects: 0.454700 ms CreateObjectMapping: 0.352600 ms MarkObjects: 3.674000 ms  DeleteObjects: 0.155600 ms)

AssetImportWorkerClient::OnTransportError - code=2 error=End of file
